<?xml version="1.0" encoding="UTF-8"?>
<!-- Generated by org.testng.reporters.JUnitXMLReporter -->
<testsuite hostname="SBR-DEVP-26" name="test_Huawei P9 6.0.0" tests="1" failures="0" timestamp="26 Aug 2019 10:04:56 GMT" time="538.264" errors="0">
  <testcase name="@AfterClass afterClass" time="0.0" classname="pcloudy.testng.DriverExecution">
    <failure type="org.openqa.selenium.WebDriverException" message="Your session expired
Command duration or timeout: 100 milliseconds
Build info: version: &amp;apos;3.0.1&amp;apos;, revision: &amp;apos;1969d75&amp;apos;, time: &amp;apos;2016-10-18 09:49:13 -0700&amp;apos;
System info: host: &amp;apos;SBR-DEVP-26&amp;apos;, ip: &amp;apos;10.182.103.33&amp;apos;, os.name: &amp;apos;Windows 8.1&amp;apos;, os.arch: &amp;apos;amd64&amp;apos;, os.version: &amp;apos;6.3&amp;apos;, java.version: &amp;apos;1.8.0_20&amp;apos;
Driver info: io.appium.java_client.android.AndroidDriver
Capabilities [{deviceScreenSize=1080x1920, networkConnectionEnabled=true, warnings={}, databaseEnabled=false, launchTimeout=90000, deviceName=MWS7N16730001537, usePrebuiltWDA=true, platform=LINUX, deviceUDID=MWS7N16730001537, desired={acceptAlerts=true, newCommandTimeout=600, platformVersion=6.0.0, browserName=Chrome, udid=MWS7N16730001537, platformName=Android, launchTimeout=90000, deviceName=323, usePrebuiltWDA=true, systemPort=30455}, acceptAlerts=true, newCommandTimeout=600, platformVersion=6.0, webStorageEnabled=false, locationContextEnabled=false, takesScreenshot=true, browserName=Chrome, javascriptEnabled=true, deviceModel=EVA-L09, udid=MWS7N16730001537, platformName=Android, deviceManufacturer=HUAWEI, systemPort=30455}]
Session ID: 3b21de2f-c28d-46b5-9f5c-379c9742c0ba">
      <![CDATA[org.openqa.selenium.WebDriverException: Your session expired
Command duration or timeout: 100 milliseconds
Build info: version: '3.0.1', revision: '1969d75', time: '2016-10-18 09:49:13 -0700'
System info: host: 'SBR-DEVP-26', ip: '10.182.103.33', os.name: 'Windows 8.1', os.arch: 'amd64', os.version: '6.3', java.version: '1.8.0_20'
Driver info: io.appium.java_client.android.AndroidDriver
Capabilities [{deviceScreenSize=1080x1920, networkConnectionEnabled=true, warnings={}, databaseEnabled=false, launchTimeout=90000, deviceName=MWS7N16730001537, usePrebuiltWDA=true, platform=LINUX, deviceUDID=MWS7N16730001537, desired={acceptAlerts=true, newCommandTimeout=600, platformVersion=6.0.0, browserName=Chrome, udid=MWS7N16730001537, platformName=Android, launchTimeout=90000, deviceName=323, usePrebuiltWDA=true, systemPort=30455}, acceptAlerts=true, newCommandTimeout=600, platformVersion=6.0, webStorageEnabled=false, locationContextEnabled=false, takesScreenshot=true, browserName=Chrome, javascriptEnabled=true, deviceModel=EVA-L09, udid=MWS7N16730001537, platformName=Android, deviceManufacturer=HUAWEI, systemPort=30455}]
Session ID: 3b21de2f-c28d-46b5-9f5c-379c9742c0ba
	at org.openqa.selenium.remote.ErrorHandler.createThrowable(ErrorHandler.java:216)
	at org.openqa.selenium.remote.ErrorHandler.throwIfResponseFailed(ErrorHandler.java:168)
	at org.openqa.selenium.remote.RemoteWebDriver.execute(RemoteWebDriver.java:635)
	at io.appium.java_client.DefaultGenericMobileDriver.execute(DefaultGenericMobileDriver.java:46)
	at io.appium.java_client.AppiumDriver.execute(AppiumDriver.java:1)
	at io.appium.java_client.android.AndroidDriver.execute(AndroidDriver.java:1)
	at org.openqa.selenium.remote.RemoteWebDriver.quit(RemoteWebDriver.java:497)
	at pcloudy.testng.TestSetUp.afterClass(TestSetUp.java:98)
	at java.util.concurrent.FutureTask.run(FutureTask.java:266)
	at java.util.concurrent.ThreadPoolExecutor.runWorker(ThreadPoolExecutor.java:1142)
	at java.util.concurrent.ThreadPoolExecutor$Worker.run(ThreadPoolExecutor.java:617)
	at java.lang.Thread.run(Thread.java:745)
... Removed 19 stack frames]]>
    </failure>
  </testcase> <!-- @AfterClass afterClass -->
  <testcase name="test1" time="420.782" classname="pcloudy.testng.DriverExecution"/>
</testsuite> <!-- test_Huawei P9 6.0.0 -->
