<?xml version="1.0" encoding="UTF-8"?>
<!-- Generated by org.testng.reporters.JUnitXMLReporter -->
<testsuite hostname="SBR-DEVP-26" name="test_Panasonic Eluga Note 6.0.0" tests="1" failures="0" timestamp="21 Aug 2019 05:25:05 GMT" time="388.715" errors="0">
  <testcase name="@AfterClass afterClass" time="0.0" classname="pcloudy.testng.frameworkcalling">
    <failure type="org.openqa.selenium.WebDriverException" message="Your session expired
Command duration or timeout: 40 milliseconds
Build info: version: &amp;apos;3.0.1&amp;apos;, revision: &amp;apos;1969d75&amp;apos;, time: &amp;apos;2016-10-18 09:49:13 -0700&amp;apos;
System info: host: &amp;apos;SBR-DEVP-26&amp;apos;, ip: &amp;apos;10.182.103.33&amp;apos;, os.name: &amp;apos;Windows 8.1&amp;apos;, os.arch: &amp;apos;amd64&amp;apos;, os.version: &amp;apos;6.3&amp;apos;, java.version: &amp;apos;1.8.0_20&amp;apos;
Driver info: io.appium.java_client.android.AndroidDriver
Capabilities [{deviceScreenSize=1080x1920, networkConnectionEnabled=true, warnings={}, databaseEnabled=false, launchTimeout=90000, deviceName=75VCIJW4B695NRHI, usePrebuiltWDA=true, platform=LINUX, deviceUDID=75VCIJW4B695NRHI, desired={acceptAlerts=true, newCommandTimeout=600, platformVersion=6.0.0, browserName=Chrome, udid=75VCIJW4B695NRHI, platformName=Android, launchTimeout=90000, deviceName=237, usePrebuiltWDA=true, systemPort=31355}, acceptAlerts=true, newCommandTimeout=600, platformVersion=6.0, webStorageEnabled=false, locationContextEnabled=false, takesScreenshot=true, browserName=Chrome, javascriptEnabled=true, deviceModel=ELUGA Note, udid=75VCIJW4B695NRHI, platformName=Android, deviceManufacturer=PANASONIC, systemPort=31355}]
Session ID: 77f322e2-77a7-411f-924e-77fc1f4519c6">
      <![CDATA[org.openqa.selenium.WebDriverException: Your session expired
Command duration or timeout: 40 milliseconds
Build info: version: '3.0.1', revision: '1969d75', time: '2016-10-18 09:49:13 -0700'
System info: host: 'SBR-DEVP-26', ip: '10.182.103.33', os.name: 'Windows 8.1', os.arch: 'amd64', os.version: '6.3', java.version: '1.8.0_20'
Driver info: io.appium.java_client.android.AndroidDriver
Capabilities [{deviceScreenSize=1080x1920, networkConnectionEnabled=true, warnings={}, databaseEnabled=false, launchTimeout=90000, deviceName=75VCIJW4B695NRHI, usePrebuiltWDA=true, platform=LINUX, deviceUDID=75VCIJW4B695NRHI, desired={acceptAlerts=true, newCommandTimeout=600, platformVersion=6.0.0, browserName=Chrome, udid=75VCIJW4B695NRHI, platformName=Android, launchTimeout=90000, deviceName=237, usePrebuiltWDA=true, systemPort=31355}, acceptAlerts=true, newCommandTimeout=600, platformVersion=6.0, webStorageEnabled=false, locationContextEnabled=false, takesScreenshot=true, browserName=Chrome, javascriptEnabled=true, deviceModel=ELUGA Note, udid=75VCIJW4B695NRHI, platformName=Android, deviceManufacturer=PANASONIC, systemPort=31355}]
Session ID: 77f322e2-77a7-411f-924e-77fc1f4519c6
	at org.openqa.selenium.remote.ErrorHandler.createThrowable(ErrorHandler.java:216)
	at org.openqa.selenium.remote.ErrorHandler.throwIfResponseFailed(ErrorHandler.java:168)
	at org.openqa.selenium.remote.RemoteWebDriver.execute(RemoteWebDriver.java:635)
	at io.appium.java_client.DefaultGenericMobileDriver.execute(DefaultGenericMobileDriver.java:46)
	at io.appium.java_client.AppiumDriver.execute(AppiumDriver.java:1)
	at io.appium.java_client.android.AndroidDriver.execute(AndroidDriver.java:1)
	at org.openqa.selenium.remote.RemoteWebDriver.quit(RemoteWebDriver.java:497)
	at pcloudy.testng.TestSetUp.afterClass(TestSetUp.java:90)
	at java.util.concurrent.FutureTask.run(FutureTask.java:266)
	at java.util.concurrent.ThreadPoolExecutor.runWorker(ThreadPoolExecutor.java:1142)
	at java.util.concurrent.ThreadPoolExecutor$Worker.run(ThreadPoolExecutor.java:617)
	at java.lang.Thread.run(Thread.java:745)
... Removed 20 stack frames]]>
    </failure>
  </testcase> <!-- @AfterClass afterClass -->
  <testcase name="test1" time="137.229" classname="pcloudy.testng.frameworkcalling"/>
</testsuite> <!-- test_Panasonic Eluga Note 6.0.0 -->
