<?xml version="1.0" encoding="UTF-8"?>
<!-- Generated by org.testng.reporters.JUnitXMLReporter -->
<testsuite hostname="SBR-DEVP-26" name="test_Samsung Galaxy On5 Pro 6.0.1" tests="1" failures="1" timestamp="8 Aug 2019 06:41:15 GMT" time="71.529" errors="0">
  <testcase name="test1" time="1.489" classname="pcloudy.testng.frameworkcalling">
    <failure type="java.lang.NullPointerException">
      <![CDATA[java.lang.NullPointerException
	at pcloudy.testng.frameworkcalling.getData(frameworkcalling.java:133)
	at pcloudy.testng.frameworkcalling.Execution(frameworkcalling.java:119)
	at pcloudy.testng.frameworkcalling.test1(frameworkcalling.java:72)
	at java.util.concurrent.FutureTask.run(FutureTask.java:266)
	at java.util.concurrent.ThreadPoolExecutor.runWorker(ThreadPoolExecutor.java:1142)
	at java.util.concurrent.ThreadPoolExecutor$Worker.run(ThreadPoolExecutor.java:617)
	at java.lang.Thread.run(Thread.java:745)
... Removed 16 stack frames]]>
    </failure>
  </testcase> <!-- test1 -->
</testsuite> <!-- test_Samsung Galaxy On5 Pro 6.0.1 -->
