<?xml version="1.0" encoding="UTF-8"?>
<!-- Generated by org.testng.reporters.JUnitXMLReporter -->
<testsuite hostname="SBR-DEVP-26" name="test_Vivo Y31L 5.1.1" tests="1" failures="1" timestamp="9 Aug 2019 07:51:35 GMT" time="52.623" errors="0">
  <testcase name="test1" time="0.875" classname="pcloudy.testng.frameworkcalling">
    <failure type="java.lang.NullPointerException">
      <![CDATA[java.lang.NullPointerException
	at pcloudy.testng.frameworkcalling.getData(frameworkcalling.java:135)
	at pcloudy.testng.frameworkcalling.Execution(frameworkcalling.java:120)
	at pcloudy.testng.frameworkcalling.test1(frameworkcalling.java:73)
	at java.util.concurrent.FutureTask.run(FutureTask.java:266)
	at java.util.concurrent.ThreadPoolExecutor.runWorker(ThreadPoolExecutor.java:1142)
	at java.util.concurrent.ThreadPoolExecutor$Worker.run(ThreadPoolExecutor.java:617)
	at java.lang.Thread.run(Thread.java:745)
... Removed 16 stack frames]]>
    </failure>
  </testcase> <!-- test1 -->
</testsuite> <!-- test_Vivo Y31L 5.1.1 -->
