<?xml version="1.0" encoding="UTF-8"?>
<testng-results skipped="1" failed="0" total="10" passed="9">
  <reporter-output>
  </reporter-output>
  <suite name="pCloudy Suite" duration-ms="324539" started-at="2019-08-29T12:06:28Z" finished-at="2019-08-29T12:11:53Z">
    <groups>
    </groups>
    <test name="test_Xiaomi Redmi Note III 6.0.1" duration-ms="161822" started-at="2019-08-29T12:06:28Z" finished-at="2019-08-29T12:09:10Z">
      <class name="pcloudy.testng.DriverExecution">
        <test-method status="PASS" signature="beforeTest(java.lang.String)[pri:0, instance:pcloudy.testng.DriverExecution@501edcf1]" name="beforeTest" is-config="true" duration-ms="49" started-at="2019-08-29T17:36:28Z" finished-at="2019-08-29T17:36:28Z">
          <params>
            <param index="0">
              <value>
                <![CDATA[Xiaomi Redmi Note III 6.0.1]]>
              </value>
            </param>
          </params>
          <reporter-output>
          </reporter-output>
        </test-method> <!-- beforeTest -->
        <test-method status="FAIL" signature="beforeClass(java.lang.String)[pri:0, instance:pcloudy.testng.DriverExecution@501edcf1]" name="beforeClass" is-config="true" duration-ms="0" started-at="2019-08-29T17:36:28Z" finished-at="2019-08-29T17:36:28Z">
          <params>
            <param index="0">
              <value>
                <![CDATA[Xiaomi Redmi Note III 6.0.1]]>
              </value>
            </param>
          </params>
          <exception class="org.openqa.selenium.SessionNotCreatedException">
            <message>
              <![CDATA[Unable to create new remote session. desired capabilities = Capabilities [{acceptAlerts=true, newCommandTimeout=600, platformVersion=6.0.1, browserName=Chrome, platformName=Android, launchTimeout=90000, deviceName=236, usePrebuiltWDA=true}], required capabilities = Capabilities [{}]
Build info: version: '3.0.1', revision: '1969d75', time: '2016-10-18 09:49:13 -0700'
System info: host: 'SBR-DEVP-26', ip: '10.182.103.33', os.name: 'Windows 8.1', os.arch: 'amd64', os.version: '6.3', java.version: '1.8.0_20'
Driver info: driver.version: AndroidDriver]]>
            </message>
            <full-stacktrace>
              <![CDATA[org.openqa.selenium.SessionNotCreatedException: Unable to create new remote session. desired capabilities = Capabilities [{acceptAlerts=true, newCommandTimeout=600, platformVersion=6.0.1, browserName=Chrome, platformName=Android, launchTimeout=90000, deviceName=236, usePrebuiltWDA=true}], required capabilities = Capabilities [{}]
Build info: version: '3.0.1', revision: '1969d75', time: '2016-10-18 09:49:13 -0700'
System info: host: 'SBR-DEVP-26', ip: '10.182.103.33', os.name: 'Windows 8.1', os.arch: 'amd64', os.version: '6.3', java.version: '1.8.0_20'
Driver info: driver.version: AndroidDriver
	at org.openqa.selenium.remote.ProtocolHandshake.createSession(ProtocolHandshake.java:91)
	at org.openqa.selenium.remote.HttpCommandExecutor.execute(HttpCommandExecutor.java:141)
	at io.appium.java_client.remote.AppiumCommandExecutor.execute(AppiumCommandExecutor.java:69)
	at org.openqa.selenium.remote.RemoteWebDriver.execute(RemoteWebDriver.java:601)
	at io.appium.java_client.DefaultGenericMobileDriver.execute(DefaultGenericMobileDriver.java:42)
	at io.appium.java_client.AppiumDriver.execute(AppiumDriver.java:1)
	at io.appium.java_client.android.AndroidDriver.execute(AndroidDriver.java:1)
	at org.openqa.selenium.remote.RemoteWebDriver.startSession(RemoteWebDriver.java:241)
	at org.openqa.selenium.remote.RemoteWebDriver.<init>(RemoteWebDriver.java:128)
	at org.openqa.selenium.remote.RemoteWebDriver.<init>(RemoteWebDriver.java:141)
	at io.appium.java_client.DefaultGenericMobileDriver.<init>(DefaultGenericMobileDriver.java:38)
	at io.appium.java_client.AppiumDriver.<init>(AppiumDriver.java:89)
	at io.appium.java_client.AppiumDriver.<init>(AppiumDriver.java:113)
	at io.appium.java_client.android.AndroidDriver.<init>(AndroidDriver.java:72)
	at pcloudy.testng.TestSetUp.beforeClass(TestSetUp.java:64)
	at sun.reflect.NativeMethodAccessorImpl.invoke0(Native Method)
	at sun.reflect.NativeMethodAccessorImpl.invoke(NativeMethodAccessorImpl.java:62)
	at sun.reflect.DelegatingMethodAccessorImpl.invoke(DelegatingMethodAccessorImpl.java:43)
	at java.lang.reflect.Method.invoke(Method.java:483)
	at org.testng.internal.MethodInvocationHelper.invokeMethod(MethodInvocationHelper.java:86)
	at org.testng.internal.Invoker.invokeConfigurationMethod(Invoker.java:514)
	at org.testng.internal.Invoker.invokeConfigurations(Invoker.java:215)
	at org.testng.internal.Invoker.invokeConfigurations(Invoker.java:142)
	at org.testng.internal.TestMethodWorker.invokeBeforeClassMethods(TestMethodWorker.java:178)
	at org.testng.internal.TestMethodWorker.run(TestMethodWorker.java:108)
	at org.testng.TestRunner.privateRun(TestRunner.java:782)
	at org.testng.TestRunner.run(TestRunner.java:632)
	at org.testng.SuiteRunner.runTest(SuiteRunner.java:366)
	at org.testng.SuiteRunner.access$000(SuiteRunner.java:39)
	at org.testng.SuiteRunner$SuiteWorker.run(SuiteRunner.java:400)
	at org.testng.internal.thread.ThreadUtil$2.call(ThreadUtil.java:64)
	at java.util.concurrent.FutureTask.run(FutureTask.java:266)
	at java.util.concurrent.ThreadPoolExecutor.runWorker(ThreadPoolExecutor.java:1142)
	at java.util.concurrent.ThreadPoolExecutor$Worker.run(ThreadPoolExecutor.java:617)
	at java.lang.Thread.run(Thread.java:745)
]]>
            </full-stacktrace>
          </exception> <!-- org.openqa.selenium.SessionNotCreatedException -->
          <reporter-output>
          </reporter-output>
        </test-method> <!-- beforeClass -->
        <test-method status="SKIP" signature="test1(java.lang.String)[pri:0, instance:pcloudy.testng.DriverExecution@501edcf1]" name="test1" duration-ms="0" started-at="2019-08-29T17:39:07Z" finished-at="2019-08-29T17:39:07Z">
          <params>
            <param index="0">
              <value>
                <![CDATA[Xiaomi Redmi Note III 6.0.1]]>
              </value>
            </param>
          </params>
          <reporter-output>
          </reporter-output>
        </test-method> <!-- test1 -->
        <test-method status="SKIP" signature="afterClass(java.lang.String)[pri:0, instance:pcloudy.testng.DriverExecution@501edcf1]" name="afterClass" is-config="true" duration-ms="0" started-at="2019-08-29T17:39:07Z" finished-at="2019-08-29T17:39:07Z">
          <reporter-output>
          </reporter-output>
        </test-method> <!-- afterClass -->
        <test-method status="PASS" signature="afterTest(java.lang.String)[pri:0, instance:pcloudy.testng.DriverExecution@501edcf1]" name="afterTest" is-config="true" duration-ms="2484" started-at="2019-08-29T17:39:07Z" finished-at="2019-08-29T17:39:10Z">
          <params>
            <param index="0">
              <value>
                <![CDATA[Xiaomi Redmi Note III 6.0.1]]>
              </value>
            </param>
          </params>
          <reporter-output>
          </reporter-output>
        </test-method> <!-- afterTest -->
      </class> <!-- pcloudy.testng.DriverExecution -->
    </test> <!-- test_Xiaomi Redmi Note III 6.0.1 -->
    <test name="test_Huawei P9 6.0.0" duration-ms="236420" started-at="2019-08-29T12:06:28Z" finished-at="2019-08-29T12:10:25Z">
      <class name="pcloudy.testng.DriverExecution">
        <test-method status="PASS" signature="beforeTest(java.lang.String)[pri:0, instance:pcloudy.testng.DriverExecution@71c8becc]" name="beforeTest" is-config="true" duration-ms="16" started-at="2019-08-29T17:36:28Z" finished-at="2019-08-29T17:36:28Z">
          <params>
            <param index="0">
              <value>
                <![CDATA[Huawei P9 6.0.0]]>
              </value>
            </param>
          </params>
          <reporter-output>
          </reporter-output>
        </test-method> <!-- beforeTest -->
        <test-method status="PASS" signature="beforeClass(java.lang.String)[pri:0, instance:pcloudy.testng.DriverExecution@71c8becc]" name="beforeClass" is-config="true" duration-ms="99900" started-at="2019-08-29T17:36:28Z" finished-at="2019-08-29T17:38:08Z">
          <params>
            <param index="0">
              <value>
                <![CDATA[Huawei P9 6.0.0]]>
              </value>
            </param>
          </params>
          <reporter-output>
          </reporter-output>
        </test-method> <!-- beforeClass -->
        <test-method status="PASS" signature="test1(java.lang.String)[pri:0, instance:pcloudy.testng.DriverExecution@71c8becc]" name="test1" duration-ms="131744" started-at="2019-08-29T17:38:08Z" finished-at="2019-08-29T17:40:20Z">
          <params>
            <param index="0">
              <value>
                <![CDATA[Huawei P9 6.0.0]]>
              </value>
            </param>
          </params>
          <reporter-output>
          </reporter-output>
        </test-method> <!-- test1 -->
        <test-method status="PASS" signature="afterClass(java.lang.String)[pri:0, instance:pcloudy.testng.DriverExecution@71c8becc]" name="afterClass" is-config="true" duration-ms="2192" started-at="2019-08-29T17:40:20Z" finished-at="2019-08-29T17:40:22Z">
          <params>
            <param index="0">
              <value>
                <![CDATA[Huawei P9 6.0.0]]>
              </value>
            </param>
          </params>
          <reporter-output>
          </reporter-output>
        </test-method> <!-- afterClass -->
        <test-method status="PASS" signature="afterTest(java.lang.String)[pri:0, instance:pcloudy.testng.DriverExecution@71c8becc]" name="afterTest" is-config="true" duration-ms="2563" started-at="2019-08-29T17:40:22Z" finished-at="2019-08-29T17:40:25Z">
          <params>
            <param index="0">
              <value>
                <![CDATA[Huawei P9 6.0.0]]>
              </value>
            </param>
          </params>
          <reporter-output>
          </reporter-output>
        </test-method> <!-- afterTest -->
      </class> <!-- pcloudy.testng.DriverExecution -->
    </test> <!-- test_Huawei P9 6.0.0 -->
    <test name="test_Lg G Flex II 5.1.1" duration-ms="240455" started-at="2019-08-29T12:06:28Z" finished-at="2019-08-29T12:10:29Z">
      <class name="pcloudy.testng.DriverExecution">
        <test-method status="PASS" signature="beforeTest(java.lang.String)[pri:0, instance:pcloudy.testng.DriverExecution@7ea37dbf]" name="beforeTest" is-config="true" duration-ms="47" started-at="2019-08-29T17:36:28Z" finished-at="2019-08-29T17:36:28Z">
          <params>
            <param index="0">
              <value>
                <![CDATA[Lg G Flex II 5.1.1]]>
              </value>
            </param>
          </params>
          <reporter-output>
          </reporter-output>
        </test-method> <!-- beforeTest -->
        <test-method status="PASS" signature="beforeClass(java.lang.String)[pri:0, instance:pcloudy.testng.DriverExecution@7ea37dbf]" name="beforeClass" is-config="true" duration-ms="101949" started-at="2019-08-29T17:36:28Z" finished-at="2019-08-29T17:38:10Z">
          <params>
            <param index="0">
              <value>
                <![CDATA[Lg G Flex II 5.1.1]]>
              </value>
            </param>
          </params>
          <reporter-output>
          </reporter-output>
        </test-method> <!-- beforeClass -->
        <test-method status="PASS" signature="test1(java.lang.String)[pri:0, instance:pcloudy.testng.DriverExecution@7ea37dbf]" name="test1" duration-ms="133125" started-at="2019-08-29T17:38:10Z" finished-at="2019-08-29T17:40:23Z">
          <params>
            <param index="0">
              <value>
                <![CDATA[Lg G Flex II 5.1.1]]>
              </value>
            </param>
          </params>
          <reporter-output>
          </reporter-output>
        </test-method> <!-- test1 -->
        <test-method status="PASS" signature="afterClass(java.lang.String)[pri:0, instance:pcloudy.testng.DriverExecution@7ea37dbf]" name="afterClass" is-config="true" duration-ms="2914" started-at="2019-08-29T17:40:23Z" finished-at="2019-08-29T17:40:26Z">
          <params>
            <param index="0">
              <value>
                <![CDATA[Lg G Flex II 5.1.1]]>
              </value>
            </param>
          </params>
          <reporter-output>
          </reporter-output>
        </test-method> <!-- afterClass -->
        <test-method status="PASS" signature="afterTest(java.lang.String)[pri:0, instance:pcloudy.testng.DriverExecution@7ea37dbf]" name="afterTest" is-config="true" duration-ms="2417" started-at="2019-08-29T17:40:26Z" finished-at="2019-08-29T17:40:29Z">
          <params>
            <param index="0">
              <value>
                <![CDATA[Lg G Flex II 5.1.1]]>
              </value>
            </param>
          </params>
          <reporter-output>
          </reporter-output>
        </test-method> <!-- afterTest -->
      </class> <!-- pcloudy.testng.DriverExecution -->
    </test> <!-- test_Lg G Flex II 5.1.1 -->
    <test name="test_Oneplus 3 7.1.1" duration-ms="246434" started-at="2019-08-29T12:06:28Z" finished-at="2019-08-29T12:10:35Z">
      <class name="pcloudy.testng.DriverExecution">
        <test-method status="PASS" signature="beforeTest(java.lang.String)[pri:0, instance:pcloudy.testng.DriverExecution@2cbb3d47]" name="beforeTest" is-config="true" duration-ms="16" started-at="2019-08-29T17:36:28Z" finished-at="2019-08-29T17:36:28Z">
          <params>
            <param index="0">
              <value>
                <![CDATA[Oneplus 3 7.1.1]]>
              </value>
            </param>
          </params>
          <reporter-output>
          </reporter-output>
        </test-method> <!-- beforeTest -->
        <test-method status="PASS" signature="beforeClass(java.lang.String)[pri:0, instance:pcloudy.testng.DriverExecution@2cbb3d47]" name="beforeClass" is-config="true" duration-ms="88428" started-at="2019-08-29T17:36:28Z" finished-at="2019-08-29T17:37:57Z">
          <params>
            <param index="0">
              <value>
                <![CDATA[Oneplus 3 7.1.1]]>
              </value>
            </param>
          </params>
          <reporter-output>
          </reporter-output>
        </test-method> <!-- beforeClass -->
        <test-method status="PASS" signature="test1(java.lang.String)[pri:0, instance:pcloudy.testng.DriverExecution@2cbb3d47]" name="test1" duration-ms="153998" started-at="2019-08-29T17:37:57Z" finished-at="2019-08-29T17:40:31Z">
          <params>
            <param index="0">
              <value>
                <![CDATA[Oneplus 3 7.1.1]]>
              </value>
            </param>
          </params>
          <reporter-output>
          </reporter-output>
        </test-method> <!-- test1 -->
        <test-method status="PASS" signature="afterClass(java.lang.String)[pri:0, instance:pcloudy.testng.DriverExecution@2cbb3d47]" name="afterClass" is-config="true" duration-ms="1540" started-at="2019-08-29T17:40:31Z" finished-at="2019-08-29T17:40:32Z">
          <params>
            <param index="0">
              <value>
                <![CDATA[Oneplus 3 7.1.1]]>
              </value>
            </param>
          </params>
          <reporter-output>
          </reporter-output>
        </test-method> <!-- afterClass -->
        <test-method status="PASS" signature="afterTest(java.lang.String)[pri:0, instance:pcloudy.testng.DriverExecution@2cbb3d47]" name="afterTest" is-config="true" duration-ms="2443" started-at="2019-08-29T17:40:32Z" finished-at="2019-08-29T17:40:35Z">
          <params>
            <param index="0">
              <value>
                <![CDATA[Oneplus 3 7.1.1]]>
              </value>
            </param>
          </params>
          <reporter-output>
          </reporter-output>
        </test-method> <!-- afterTest -->
      </class> <!-- pcloudy.testng.DriverExecution -->
    </test> <!-- test_Oneplus 3 7.1.1 -->
    <test name="test_Motorola Nexus 6 7.1.1" duration-ms="267126" started-at="2019-08-29T12:06:28Z" finished-at="2019-08-29T12:10:55Z">
      <class name="pcloudy.testng.DriverExecution">
        <test-method status="PASS" signature="beforeTest(java.lang.String)[pri:0, instance:pcloudy.testng.DriverExecution@6293abcc]" name="beforeTest" is-config="true" duration-ms="15" started-at="2019-08-29T17:36:28Z" finished-at="2019-08-29T17:36:28Z">
          <params>
            <param index="0">
              <value>
                <![CDATA[Motorola Nexus 6 7.1.1]]>
              </value>
            </param>
          </params>
          <reporter-output>
          </reporter-output>
        </test-method> <!-- beforeTest -->
        <test-method status="PASS" signature="beforeClass(java.lang.String)[pri:0, instance:pcloudy.testng.DriverExecution@6293abcc]" name="beforeClass" is-config="true" duration-ms="102252" started-at="2019-08-29T17:36:28Z" finished-at="2019-08-29T17:38:10Z">
          <params>
            <param index="0">
              <value>
                <![CDATA[Motorola Nexus 6 7.1.1]]>
              </value>
            </param>
          </params>
          <reporter-output>
          </reporter-output>
        </test-method> <!-- beforeClass -->
        <test-method status="PASS" signature="test1(java.lang.String)[pri:0, instance:pcloudy.testng.DriverExecution@6293abcc]" name="test1" duration-ms="158792" started-at="2019-08-29T17:38:10Z" finished-at="2019-08-29T17:40:49Z">
          <params>
            <param index="0">
              <value>
                <![CDATA[Motorola Nexus 6 7.1.1]]>
              </value>
            </param>
          </params>
          <reporter-output>
          </reporter-output>
        </test-method> <!-- test1 -->
        <test-method status="PASS" signature="afterClass(java.lang.String)[pri:0, instance:pcloudy.testng.DriverExecution@6293abcc]" name="afterClass" is-config="true" duration-ms="3563" started-at="2019-08-29T17:40:49Z" finished-at="2019-08-29T17:40:53Z">
          <params>
            <param index="0">
              <value>
                <![CDATA[Motorola Nexus 6 7.1.1]]>
              </value>
            </param>
          </params>
          <reporter-output>
          </reporter-output>
        </test-method> <!-- afterClass -->
        <test-method status="PASS" signature="afterTest(java.lang.String)[pri:0, instance:pcloudy.testng.DriverExecution@6293abcc]" name="afterTest" is-config="true" duration-ms="2498" started-at="2019-08-29T17:40:53Z" finished-at="2019-08-29T17:40:55Z">
          <params>
            <param index="0">
              <value>
                <![CDATA[Motorola Nexus 6 7.1.1]]>
              </value>
            </param>
          </params>
          <reporter-output>
          </reporter-output>
        </test-method> <!-- afterTest -->
      </class> <!-- pcloudy.testng.DriverExecution -->
    </test> <!-- test_Motorola Nexus 6 7.1.1 -->
    <test name="test_Samsung Galaxy J Max 5.1.1" duration-ms="274528" started-at="2019-08-29T12:06:28Z" finished-at="2019-08-29T12:11:03Z">
      <class name="pcloudy.testng.DriverExecution">
        <test-method status="PASS" signature="beforeTest(java.lang.String)[pri:0, instance:pcloudy.testng.DriverExecution@79ad8b2f]" name="beforeTest" is-config="true" duration-ms="48" started-at="2019-08-29T17:36:28Z" finished-at="2019-08-29T17:36:28Z">
          <params>
            <param index="0">
              <value>
                <![CDATA[Samsung Galaxy J Max 5.1.1]]>
              </value>
            </param>
          </params>
          <reporter-output>
          </reporter-output>
        </test-method> <!-- beforeTest -->
        <test-method status="PASS" signature="beforeClass(java.lang.String)[pri:0, instance:pcloudy.testng.DriverExecution@79ad8b2f]" name="beforeClass" is-config="true" duration-ms="107830" started-at="2019-08-29T17:36:28Z" finished-at="2019-08-29T17:38:16Z">
          <params>
            <param index="0">
              <value>
                <![CDATA[Samsung Galaxy J Max 5.1.1]]>
              </value>
            </param>
          </params>
          <reporter-output>
          </reporter-output>
        </test-method> <!-- beforeClass -->
        <test-method status="PASS" signature="test1(java.lang.String)[pri:0, instance:pcloudy.testng.DriverExecution@79ad8b2f]" name="test1" duration-ms="160857" started-at="2019-08-29T17:38:16Z" finished-at="2019-08-29T17:40:57Z">
          <params>
            <param index="0">
              <value>
                <![CDATA[Samsung Galaxy J Max 5.1.1]]>
              </value>
            </param>
          </params>
          <reporter-output>
          </reporter-output>
        </test-method> <!-- test1 -->
        <test-method status="PASS" signature="afterClass(java.lang.String)[pri:0, instance:pcloudy.testng.DriverExecution@79ad8b2f]" name="afterClass" is-config="true" duration-ms="3413" started-at="2019-08-29T17:40:57Z" finished-at="2019-08-29T17:41:00Z">
          <params>
            <param index="0">
              <value>
                <![CDATA[Samsung Galaxy J Max 5.1.1]]>
              </value>
            </param>
          </params>
          <reporter-output>
          </reporter-output>
        </test-method> <!-- afterClass -->
        <test-method status="PASS" signature="afterTest(java.lang.String)[pri:0, instance:pcloudy.testng.DriverExecution@79ad8b2f]" name="afterTest" is-config="true" duration-ms="2379" started-at="2019-08-29T17:41:00Z" finished-at="2019-08-29T17:41:03Z">
          <params>
            <param index="0">
              <value>
                <![CDATA[Samsung Galaxy J Max 5.1.1]]>
              </value>
            </param>
          </params>
          <reporter-output>
          </reporter-output>
        </test-method> <!-- afterTest -->
      </class> <!-- pcloudy.testng.DriverExecution -->
    </test> <!-- test_Samsung Galaxy J Max 5.1.1 -->
    <test name="test_Samsung Galaxy Tab4 10.1 5.0.2" duration-ms="284451" started-at="2019-08-29T12:06:28Z" finished-at="2019-08-29T12:11:13Z">
      <class name="pcloudy.testng.DriverExecution">
        <test-method status="PASS" signature="beforeTest(java.lang.String)[pri:0, instance:pcloudy.testng.DriverExecution@5906ebcb]" name="beforeTest" is-config="true" duration-ms="29" started-at="2019-08-29T17:36:28Z" finished-at="2019-08-29T17:36:28Z">
          <params>
            <param index="0">
              <value>
                <![CDATA[Samsung Galaxy Tab4 10.1 5.0.2]]>
              </value>
            </param>
          </params>
          <reporter-output>
          </reporter-output>
        </test-method> <!-- beforeTest -->
        <test-method status="PASS" signature="beforeClass(java.lang.String)[pri:0, instance:pcloudy.testng.DriverExecution@5906ebcb]" name="beforeClass" is-config="true" duration-ms="110687" started-at="2019-08-29T17:36:28Z" finished-at="2019-08-29T17:38:19Z">
          <params>
            <param index="0">
              <value>
                <![CDATA[Samsung Galaxy Tab4 10.1 5.0.2]]>
              </value>
            </param>
          </params>
          <reporter-output>
          </reporter-output>
        </test-method> <!-- beforeClass -->
        <test-method status="PASS" signature="test1(java.lang.String)[pri:0, instance:pcloudy.testng.DriverExecution@5906ebcb]" name="test1" duration-ms="168361" started-at="2019-08-29T17:38:19Z" finished-at="2019-08-29T17:41:07Z">
          <params>
            <param index="0">
              <value>
                <![CDATA[Samsung Galaxy Tab4 10.1 5.0.2]]>
              </value>
            </param>
          </params>
          <reporter-output>
          </reporter-output>
        </test-method> <!-- test1 -->
        <test-method status="PASS" signature="afterClass(java.lang.String)[pri:0, instance:pcloudy.testng.DriverExecution@5906ebcb]" name="afterClass" is-config="true" duration-ms="2870" started-at="2019-08-29T17:41:07Z" finished-at="2019-08-29T17:41:10Z">
          <params>
            <param index="0">
              <value>
                <![CDATA[Samsung Galaxy Tab4 10.1 5.0.2]]>
              </value>
            </param>
          </params>
          <reporter-output>
          </reporter-output>
        </test-method> <!-- afterClass -->
        <test-method status="PASS" signature="afterTest(java.lang.String)[pri:0, instance:pcloudy.testng.DriverExecution@5906ebcb]" name="afterTest" is-config="true" duration-ms="2502" started-at="2019-08-29T17:41:10Z" finished-at="2019-08-29T17:41:13Z">
          <params>
            <param index="0">
              <value>
                <![CDATA[Samsung Galaxy Tab4 10.1 5.0.2]]>
              </value>
            </param>
          </params>
          <reporter-output>
          </reporter-output>
        </test-method> <!-- afterTest -->
      </class> <!-- pcloudy.testng.DriverExecution -->
    </test> <!-- test_Samsung Galaxy Tab4 10.1 5.0.2 -->
    <test name="test_Samsung Galaxy Note 4 6.0.1" duration-ms="287751" started-at="2019-08-29T12:06:28Z" finished-at="2019-08-29T12:11:16Z">
      <class name="pcloudy.testng.DriverExecution">
        <test-method status="PASS" signature="beforeTest(java.lang.String)[pri:0, instance:pcloudy.testng.DriverExecution@a4102b8]" name="beforeTest" is-config="true" duration-ms="16" started-at="2019-08-29T17:36:28Z" finished-at="2019-08-29T17:36:28Z">
          <params>
            <param index="0">
              <value>
                <![CDATA[Samsung Galaxy Note 4 6.0.1]]>
              </value>
            </param>
          </params>
          <reporter-output>
          </reporter-output>
        </test-method> <!-- beforeTest -->
        <test-method status="PASS" signature="beforeClass(java.lang.String)[pri:0, instance:pcloudy.testng.DriverExecution@a4102b8]" name="beforeClass" is-config="true" duration-ms="124541" started-at="2019-08-29T17:36:28Z" finished-at="2019-08-29T17:38:33Z">
          <params>
            <param index="0">
              <value>
                <![CDATA[Samsung Galaxy Note 4 6.0.1]]>
              </value>
            </param>
          </params>
          <reporter-output>
          </reporter-output>
        </test-method> <!-- beforeClass -->
        <test-method status="PASS" signature="test1(java.lang.String)[pri:0, instance:pcloudy.testng.DriverExecution@a4102b8]" name="test1" duration-ms="155786" started-at="2019-08-29T17:38:33Z" finished-at="2019-08-29T17:41:08Z">
          <params>
            <param index="0">
              <value>
                <![CDATA[Samsung Galaxy Note 4 6.0.1]]>
              </value>
            </param>
          </params>
          <reporter-output>
          </reporter-output>
        </test-method> <!-- test1 -->
        <test-method status="PASS" signature="afterClass(java.lang.String)[pri:0, instance:pcloudy.testng.DriverExecution@a4102b8]" name="afterClass" is-config="true" duration-ms="5014" started-at="2019-08-29T17:41:08Z" finished-at="2019-08-29T17:41:13Z">
          <params>
            <param index="0">
              <value>
                <![CDATA[Samsung Galaxy Note 4 6.0.1]]>
              </value>
            </param>
          </params>
          <reporter-output>
          </reporter-output>
        </test-method> <!-- afterClass -->
        <test-method status="PASS" signature="afterTest(java.lang.String)[pri:0, instance:pcloudy.testng.DriverExecution@a4102b8]" name="afterTest" is-config="true" duration-ms="2388" started-at="2019-08-29T17:41:13Z" finished-at="2019-08-29T17:41:16Z">
          <params>
            <param index="0">
              <value>
                <![CDATA[Samsung Galaxy Note 4 6.0.1]]>
              </value>
            </param>
          </params>
          <reporter-output>
          </reporter-output>
        </test-method> <!-- afterTest -->
      </class> <!-- pcloudy.testng.DriverExecution -->
    </test> <!-- test_Samsung Galaxy Note 4 6.0.1 -->
    <test name="test_Lava P7 Plus 6.0.0" duration-ms="291874" started-at="2019-08-29T12:06:28Z" finished-at="2019-08-29T12:11:20Z">
      <class name="pcloudy.testng.DriverExecution">
        <test-method status="PASS" signature="beforeTest(java.lang.String)[pri:0, instance:pcloudy.testng.DriverExecution@79ca92b9]" name="beforeTest" is-config="true" duration-ms="15" started-at="2019-08-29T17:36:28Z" finished-at="2019-08-29T17:36:28Z">
          <params>
            <param index="0">
              <value>
                <![CDATA[Lava P7 Plus 6.0.0]]>
              </value>
            </param>
          </params>
          <reporter-output>
          </reporter-output>
        </test-method> <!-- beforeTest -->
        <test-method status="PASS" signature="beforeClass(java.lang.String)[pri:0, instance:pcloudy.testng.DriverExecution@79ca92b9]" name="beforeClass" is-config="true" duration-ms="132586" started-at="2019-08-29T17:36:28Z" finished-at="2019-08-29T17:38:41Z">
          <params>
            <param index="0">
              <value>
                <![CDATA[Lava P7 Plus 6.0.0]]>
              </value>
            </param>
          </params>
          <reporter-output>
          </reporter-output>
        </test-method> <!-- beforeClass -->
        <test-method status="PASS" signature="test1(java.lang.String)[pri:0, instance:pcloudy.testng.DriverExecution@79ca92b9]" name="test1" duration-ms="151208" started-at="2019-08-29T17:38:41Z" finished-at="2019-08-29T17:41:12Z">
          <params>
            <param index="0">
              <value>
                <![CDATA[Lava P7 Plus 6.0.0]]>
              </value>
            </param>
          </params>
          <reporter-output>
          </reporter-output>
        </test-method> <!-- test1 -->
        <test-method status="PASS" signature="afterClass(java.lang.String)[pri:0, instance:pcloudy.testng.DriverExecution@79ca92b9]" name="afterClass" is-config="true" duration-ms="5617" started-at="2019-08-29T17:41:12Z" finished-at="2019-08-29T17:41:18Z">
          <params>
            <param index="0">
              <value>
                <![CDATA[Lava P7 Plus 6.0.0]]>
              </value>
            </param>
          </params>
          <reporter-output>
          </reporter-output>
        </test-method> <!-- afterClass -->
        <test-method status="PASS" signature="afterTest(java.lang.String)[pri:0, instance:pcloudy.testng.DriverExecution@79ca92b9]" name="afterTest" is-config="true" duration-ms="2442" started-at="2019-08-29T17:41:18Z" finished-at="2019-08-29T17:41:20Z">
          <params>
            <param index="0">
              <value>
                <![CDATA[Lava P7 Plus 6.0.0]]>
              </value>
            </param>
          </params>
          <reporter-output>
          </reporter-output>
        </test-method> <!-- afterTest -->
      </class> <!-- pcloudy.testng.DriverExecution -->
    </test> <!-- test_Lava P7 Plus 6.0.0 -->
    <test name="test_Karbonn Aura Power 5.1.0" duration-ms="324539" started-at="2019-08-29T12:06:28Z" finished-at="2019-08-29T12:11:53Z">
      <class name="pcloudy.testng.DriverExecution">
        <test-method status="PASS" signature="beforeTest(java.lang.String)[pri:0, instance:pcloudy.testng.DriverExecution@6ab7a896]" name="beforeTest" is-config="true" duration-ms="48" started-at="2019-08-29T17:36:28Z" finished-at="2019-08-29T17:36:28Z">
          <params>
            <param index="0">
              <value>
                <![CDATA[Karbonn Aura Power 5.1.0]]>
              </value>
            </param>
          </params>
          <reporter-output>
          </reporter-output>
        </test-method> <!-- beforeTest -->
        <test-method status="PASS" signature="beforeClass(java.lang.String)[pri:0, instance:pcloudy.testng.DriverExecution@6ab7a896]" name="beforeClass" is-config="true" duration-ms="138239" started-at="2019-08-29T17:36:28Z" finished-at="2019-08-29T17:38:46Z">
          <params>
            <param index="0">
              <value>
                <![CDATA[Karbonn Aura Power 5.1.0]]>
              </value>
            </param>
          </params>
          <reporter-output>
          </reporter-output>
        </test-method> <!-- beforeClass -->
        <test-method status="PASS" signature="test1(java.lang.String)[pri:0, instance:pcloudy.testng.DriverExecution@6ab7a896]" name="test1" duration-ms="178432" started-at="2019-08-29T17:38:46Z" finished-at="2019-08-29T17:41:45Z">
          <params>
            <param index="0">
              <value>
                <![CDATA[Karbonn Aura Power 5.1.0]]>
              </value>
            </param>
          </params>
          <reporter-output>
          </reporter-output>
        </test-method> <!-- test1 -->
        <test-method status="PASS" signature="afterClass(java.lang.String)[pri:0, instance:pcloudy.testng.DriverExecution@6ab7a896]" name="afterClass" is-config="true" duration-ms="5204" started-at="2019-08-29T17:41:45Z" finished-at="2019-08-29T17:41:50Z">
          <params>
            <param index="0">
              <value>
                <![CDATA[Karbonn Aura Power 5.1.0]]>
              </value>
            </param>
          </params>
          <reporter-output>
          </reporter-output>
        </test-method> <!-- afterClass -->
        <test-method status="PASS" signature="afterTest(java.lang.String)[pri:0, instance:pcloudy.testng.DriverExecution@6ab7a896]" name="afterTest" is-config="true" duration-ms="2614" started-at="2019-08-29T17:41:50Z" finished-at="2019-08-29T17:41:53Z">
          <params>
            <param index="0">
              <value>
                <![CDATA[Karbonn Aura Power 5.1.0]]>
              </value>
            </param>
          </params>
          <reporter-output>
          </reporter-output>
        </test-method> <!-- afterTest -->
      </class> <!-- pcloudy.testng.DriverExecution -->
    </test> <!-- test_Karbonn Aura Power 5.1.0 -->
  </suite> <!-- pCloudy Suite -->
</testng-results>
